[2019-03-24 15:04:45.041] [exthost] [info] extension host started
[2019-03-24 15:04:45.056] [exthost] [info] ExtensionService#_doActivateExtension vscode.debug-auto-launch {"startup":true,"activationEvent":"*"}
[2019-03-24 15:04:45.056] [exthost] [info] ExtensionService#loadCommonJSModule /usr/share/code/resources/app/extensions/debug-auto-launch/dist/extension
[2019-03-24 15:04:45.059] [exthost] [info] ExtensionService#_doActivateExtension vscode.emmet {"startup":true,"activationEvent":"*"}
[2019-03-24 15:04:45.059] [exthost] [info] ExtensionService#loadCommonJSModule /usr/share/code/resources/app/extensions/emmet/dist/extension
[2019-03-24 15:04:45.074] [exthost] [info] ExtensionService#_doActivateExtension vscode.git {"startup":true,"activationEvent":"*"}
[2019-03-24 15:04:45.074] [exthost] [info] ExtensionService#loadCommonJSModule /usr/share/code/resources/app/extensions/git/dist/main
[2019-03-24 15:04:45.159] [exthost] [info] ExtensionService#_doActivateExtension vscode.merge-conflict {"startup":true,"activationEvent":"*"}
[2019-03-24 15:04:45.159] [exthost] [info] ExtensionService#loadCommonJSModule /usr/share/code/resources/app/extensions/merge-conflict/dist/extension
[2019-03-24 15:04:45.163] [exthost] [info] ExtensionService#_doActivateExtension vscode.python {"startup":false,"activationEvent":"onLanguage:python"}
[2019-03-24 15:04:45.163] [exthost] [info] ExtensionService#loadCommonJSModule /usr/share/code/resources/app/extensions/python/out/pythonMain
[2019-03-24 15:04:45.164] [exthost] [info] ExtensionService#_doActivateExtension ms-python.python {"startup":false,"activationEvent":"onLanguage:python"}
[2019-03-24 15:04:45.164] [exthost] [info] ExtensionService#loadCommonJSModule /home/omar/.vscode/extensions/ms-python.python-2019.2.5558/out/client/extension
[2019-03-24 15:04:45.558] [exthost] [info] eager extensions activated
[2019-03-24 15:05:19.246] [exthost] [info] ExtensionService#_doActivateExtension vscode.css-language-features {"startup":false,"activationEvent":"onLanguage:css"}
[2019-03-24 15:05:19.246] [exthost] [info] ExtensionService#loadCommonJSModule /usr/share/code/resources/app/extensions/css-language-features/client/dist/cssMain
[2019-03-24 15:06:24.277] [exthost] [info] ExtensionService#_doActivateExtension vscode.html-language-features {"startup":false,"activationEvent":"onLanguage:html"}
[2019-03-24 15:06:24.277] [exthost] [info] ExtensionService#loadCommonJSModule /usr/share/code/resources/app/extensions/html-language-features/client/dist/htmlMain
[2019-03-24 15:07:33.998] [exthost] [info] ExtensionService#_doActivateExtension vscode.typescript-language-features {"startup":false,"activationEvent":"onLanguage:javascript"}
[2019-03-24 15:07:33.998] [exthost] [info] ExtensionService#loadCommonJSModule /usr/share/code/resources/app/extensions/typescript-language-features/dist/extension
