Looking for git in: git
Using git 2.17.1 from git
> git rev-parse --show-toplevel
> git config --get commit.template
Open repository: /opt/project_pegasus
> git status -z -u
> git symbolic-ref --short HEAD
> git rev-parse zachary-prototype
> git rev-parse --symbolic-full-name zachary-prototype@{u}
> git rev-list --left-right zachary-prototype...refs/remotes/origin/zachary-prototype
> git for-each-ref --format %(refname) %(objectname) --sort -committerdate
> git remote --verbose
> git check-ignore -z --stdin
> git check-ignore -z --stdin
> git check-ignore -z --stdin
> git check-ignore -z --stdin
> git check-ignore -z --stdin
> git check-ignore -z --stdin
> git check-ignore -z --stdin
> git show :django_sites/pegasus/demo/__init__.py
> git check-ignore -z --stdin
